{"name": "Search User", "status": "broken", "statusDetails": {"message": "selenium.common.exceptions.NoSuchElementException: Message: no such element: Unable to locate element: {\"method\":\"xpath\",\"selector\":\"//input[@name='username']\"}\n  (Session info: chrome=131.0.6778.86); For documentation on this error, please visit: https://www.selenium.dev/documentation/webdriver/troubleshooting/errors#no-such-element-exception\nStacktrace:\n\tGetHandleVerifier [0x00007FF672B46CB5+28821]\n\t(No symbol) [0x00007FF672AB3840]\n\t(No symbol) [0x00007FF67295578A]\n\t(No symbol) [0x00007FF6729A91BE]\n\t(No symbol) [0x00007FF6729A94AC]\n\t(No symbol) [0x00007FF6729F2647]\n\t(No symbol) [0x00007FF6729CF33F]\n\t(No symbol) [0x00007FF6729EF412]\n\t(No symbol) [0x00007FF6729CF0A3]\n\t(No symbol) [0x00007FF67299A778]\n\t(No symbol) [0x00007FF67299B8E1]\n\tGetHandleVerifier [0x00007FF672E7FCAD+3408013]\n\tGetHandleVerifier [0x00007FF672E9741F+3504127]\n\tGetHandleVerifier [0x00007FF672E8B5FD+3455453]\n\tGetHandleVerifier [0x00007FF672C0BDBB+835995]\n\t(No symbol) [0x00007FF672ABEB5F]\n\t(No symbol) [0x00007FF672ABA814]\n\t(No symbol) [0x00007FF672ABA9AD]\n\t(No symbol) [0x00007FF672AAA199]\n\tBaseThreadInitThunk [0x00007FFD073B7374+20]\n\tRtlUserThreadStart [0x00007FFD076FCC91+33]\n\n", "trace": "  File \"c:\\pythonworkspace\\pythonproject\\behaveproject\\venv\\Lib\\site-packages\\behave\\model.py\", line 1329, in run\n    match.run(runner.context)\n  File \"c:\\pythonworkspace\\pythonproject\\behaveproject\\venv\\Lib\\site-packages\\behave\\matchers.py\", line 98, in run\n    self.func(context, *args, **kwargs)\n  File \"features\\steps\\LoginStep.py\", line 13, in userNameandPassword\n    user=context.driver.find_element(By.XPATH, \"//input[@name='username']\")\n         ^^^^^^^^^^^^^^^^^^^^^^^^^^^^^^^^^^^^^^^^^^^^^^^^^^^^^^^^^^^^^^^^^^\n  File \"c:\\pythonworkspace\\pythonproject\\behaveproject\\venv\\Lib\\site-packages\\selenium\\webdriver\\remote\\webdriver.py\", line 748, in find_element\n    return self.execute(Command.FIND_ELEMENT, {\"using\": by, \"value\": value})[\"value\"]\n           ^^^^^^^^^^^^^^^^^^^^^^^^^^^^^^^^^^^^^^^^^^^^^^^^^^^^^^^^^^^^^^^^^\n  File \"c:\\pythonworkspace\\pythonproject\\behaveproject\\venv\\Lib\\site-packages\\selenium\\webdriver\\remote\\webdriver.py\", line 354, in execute\n    self.error_handler.check_response(response)\n  File \"c:\\pythonworkspace\\pythonproject\\behaveproject\\venv\\Lib\\site-packages\\selenium\\webdriver\\remote\\errorhandler.py\", line 229, in check_response\n    raise exception_class(message, screen, stacktrace)\n"}, "steps": [{"name": "Given launch Crome Browser", "status": "passed", "start": 1732094812555, "stop": 1732094814914}, {"name": "When open Orange HRM homepage", "status": "passed", "start": 1732094814915, "stop": 1732094820775}, {"name": "Then Enter UserName \"Admin\" and Password \"admin123\"", "status": "broken", "statusDetails": {"message": "selenium.common.exceptions.NoSuchElementException: Message: no such element: Unable to locate element: {\"method\":\"xpath\",\"selector\":\"//input[@name='username']\"}\n  (Session info: chrome=131.0.6778.86); For documentation on this error, please visit: https://www.selenium.dev/documentation/webdriver/troubleshooting/errors#no-such-element-exception\nStacktrace:\n\tGetHandleVerifier [0x00007FF672B46CB5+28821]\n\t(No symbol) [0x00007FF672AB3840]\n\t(No symbol) [0x00007FF67295578A]\n\t(No symbol) [0x00007FF6729A91BE]\n\t(No symbol) [0x00007FF6729A94AC]\n\t(No symbol) [0x00007FF6729F2647]\n\t(No symbol) [0x00007FF6729CF33F]\n\t(No symbol) [0x00007FF6729EF412]\n\t(No symbol) [0x00007FF6729CF0A3]\n\t(No symbol) [0x00007FF67299A778]\n\t(No symbol) [0x00007FF67299B8E1]\n\tGetHandleVerifier [0x00007FF672E7FCAD+3408013]\n\tGetHandleVerifier [0x00007FF672E9741F+3504127]\n\tGetHandleVerifier [0x00007FF672E8B5FD+3455453]\n\tGetHandleVerifier [0x00007FF672C0BDBB+835995]\n\t(No symbol) [0x00007FF672ABEB5F]\n\t(No symbol) [0x00007FF672ABA814]\n\t(No symbol) [0x00007FF672ABA9AD]\n\t(No symbol) [0x00007FF672AAA199]\n\tBaseThreadInitThunk [0x00007FFD073B7374+20]\n\tRtlUserThreadStart [0x00007FFD076FCC91+33]\n\n", "trace": "  File \"c:\\pythonworkspace\\pythonproject\\behaveproject\\venv\\Lib\\site-packages\\behave\\model.py\", line 1329, in run\n    match.run(runner.context)\n  File \"c:\\pythonworkspace\\pythonproject\\behaveproject\\venv\\Lib\\site-packages\\behave\\matchers.py\", line 98, in run\n    self.func(context, *args, **kwargs)\n  File \"features\\steps\\LoginStep.py\", line 13, in userNameandPassword\n    user=context.driver.find_element(By.XPATH, \"//input[@name='username']\")\n         ^^^^^^^^^^^^^^^^^^^^^^^^^^^^^^^^^^^^^^^^^^^^^^^^^^^^^^^^^^^^^^^^^^\n  File \"c:\\pythonworkspace\\pythonproject\\behaveproject\\venv\\Lib\\site-packages\\selenium\\webdriver\\remote\\webdriver.py\", line 748, in find_element\n    return self.execute(Command.FIND_ELEMENT, {\"using\": by, \"value\": value})[\"value\"]\n           ^^^^^^^^^^^^^^^^^^^^^^^^^^^^^^^^^^^^^^^^^^^^^^^^^^^^^^^^^^^^^^^^^\n  File \"c:\\pythonworkspace\\pythonproject\\behaveproject\\venv\\Lib\\site-packages\\selenium\\webdriver\\remote\\webdriver.py\", line 354, in execute\n    self.error_handler.check_response(response)\n  File \"c:\\pythonworkspace\\pythonproject\\behaveproject\\venv\\Lib\\site-packages\\selenium\\webdriver\\remote\\errorhandler.py\", line 229, in check_response\n    raise exception_class(message, screen, stacktrace)\n"}, "start": 1732094820775, "stop": 1732094820793}, {"name": "Then Click on Login Button", "status": "skipped", "start": 1732094820794, "stop": 1732094820794}, {"name": "When I navigate to search page", "status": "skipped", "start": 1732094820794, "stop": 1732094820794}, {"name": "Then Search page should be display", "status": "skipped", "start": 1732094820794, "stop": 1732094820794}, {"name": "And close Browser", "status": "skipped", "start": 1732094820794, "stop": 1732094820794}], "start": 1732094812554, "stop": 1732094820794, "uuid": "f8cef306-57a3-47f0-b528-5844daf88b05", "historyId": "e03b54fee017a4de3ae05acf9b001e6d", "fullName": "Orange HRM Logo: Search User", "labels": [{"name": "severity", "value": "normal"}, {"name": "feature", "value": "Orange HRM Logo"}, {"name": "framework", "value": "behave"}, {"name": "language", "value": "cpython3"}]}