{"name": "Logo Presence on Orange Home Page", "status": "broken", "statusDetails": {"message": "selenium.common.exceptions.NoSuchElementException: Message: no such element: Unable to locate element: {\"method\":\"xpath\",\"selector\":\"//div[@class='orangehrm-login-branding']/img\"}\n  (Session info: chrome=131.0.6778.86); For documentation on this error, please visit: https://www.selenium.dev/documentation/webdriver/troubleshooting/errors#no-such-element-exception\nStacktrace:\n\tGetHandleVerifier [0x00007FF672B46CB5+28821]\n\t(No symbol) [0x00007FF672AB3840]\n\t(No symbol) [0x00007FF67295578A]\n\t(No symbol) [0x00007FF6729A91BE]\n\t(No symbol) [0x00007FF6729A94AC]\n\t(No symbol) [0x00007FF6729F2647]\n\t(No symbol) [0x00007FF6729CF33F]\n\t(No symbol) [0x00007FF6729EF412]\n\t(No symbol) [0x00007FF6729CF0A3]\n\t(No symbol) [0x00007FF67299A778]\n\t(No symbol) [0x00007FF67299B8E1]\n\tGetHandleVerifier [0x00007FF672E7FCAD+3408013]\n\tGetHandleVerifier [0x00007FF672E9741F+3504127]\n\tGetHandleVerifier [0x00007FF672E8B5FD+3455453]\n\tGetHandleVerifier [0x00007FF672C0BDBB+835995]\n\t(No symbol) [0x00007FF672ABEB5F]\n\t(No symbol) [0x00007FF672ABA814]\n\t(No symbol) [0x00007FF672ABA9AD]\n\t(No symbol) [0x00007FF672AAA199]\n\tBaseThreadInitThunk [0x00007FFD073B7374+20]\n\tRtlUserThreadStart [0x00007FFD076FCC91+33]\n\n", "trace": "  File \"c:\\pythonworkspace\\pythonproject\\behaveproject\\venv\\Lib\\site-packages\\behave\\model.py\", line 1329, in run\n    match.run(runner.context)\n  File \"c:\\pythonworkspace\\pythonproject\\behaveproject\\venv\\Lib\\site-packages\\behave\\matchers.py\", line 98, in run\n    self.func(context, *args, **kwargs)\n  File \"features\\steps\\OrangeHRMStep.py\", line 30, in logoVerfication\n    status=context.driver.find_element(By.XPATH,\"//div[@class='orangehrm-login-branding']/img\").is_displayed()\n           ^^^^^^^^^^^^^^^^^^^^^^^^^^^^^^^^^^^^^^^^^^^^^^^^^^^^^^^^^^^^^^^^^^^^^^^^^^^^^^^^^^^^\n  File \"c:\\pythonworkspace\\pythonproject\\behaveproject\\venv\\Lib\\site-packages\\selenium\\webdriver\\remote\\webdriver.py\", line 748, in find_element\n    return self.execute(Command.FIND_ELEMENT, {\"using\": by, \"value\": value})[\"value\"]\n           ^^^^^^^^^^^^^^^^^^^^^^^^^^^^^^^^^^^^^^^^^^^^^^^^^^^^^^^^^^^^^^^^^\n  File \"c:\\pythonworkspace\\pythonproject\\behaveproject\\venv\\Lib\\site-packages\\selenium\\webdriver\\remote\\webdriver.py\", line 354, in execute\n    self.error_handler.check_response(response)\n  File \"c:\\pythonworkspace\\pythonproject\\behaveproject\\venv\\Lib\\site-packages\\selenium\\webdriver\\remote\\errorhandler.py\", line 229, in check_response\n    raise exception_class(message, screen, stacktrace)\n"}, "steps": [{"name": "Given launch Crome Browser", "status": "passed", "start": 1732094895516, "stop": 1732094897724}, {"name": "When open Orange HRM homepage", "status": "passed", "start": 1732094897724, "stop": 1732094905601}, {"name": "Then verify that the logo present on page", "status": "broken", "statusDetails": {"message": "selenium.common.exceptions.NoSuchElementException: Message: no such element: Unable to locate element: {\"method\":\"xpath\",\"selector\":\"//div[@class='orangehrm-login-branding']/img\"}\n  (Session info: chrome=131.0.6778.86); For documentation on this error, please visit: https://www.selenium.dev/documentation/webdriver/troubleshooting/errors#no-such-element-exception\nStacktrace:\n\tGetHandleVerifier [0x00007FF672B46CB5+28821]\n\t(No symbol) [0x00007FF672AB3840]\n\t(No symbol) [0x00007FF67295578A]\n\t(No symbol) [0x00007FF6729A91BE]\n\t(No symbol) [0x00007FF6729A94AC]\n\t(No symbol) [0x00007FF6729F2647]\n\t(No symbol) [0x00007FF6729CF33F]\n\t(No symbol) [0x00007FF6729EF412]\n\t(No symbol) [0x00007FF6729CF0A3]\n\t(No symbol) [0x00007FF67299A778]\n\t(No symbol) [0x00007FF67299B8E1]\n\tGetHandleVerifier [0x00007FF672E7FCAD+3408013]\n\tGetHandleVerifier [0x00007FF672E9741F+3504127]\n\tGetHandleVerifier [0x00007FF672E8B5FD+3455453]\n\tGetHandleVerifier [0x00007FF672C0BDBB+835995]\n\t(No symbol) [0x00007FF672ABEB5F]\n\t(No symbol) [0x00007FF672ABA814]\n\t(No symbol) [0x00007FF672ABA9AD]\n\t(No symbol) [0x00007FF672AAA199]\n\tBaseThreadInitThunk [0x00007FFD073B7374+20]\n\tRtlUserThreadStart [0x00007FFD076FCC91+33]\n\n", "trace": "  File \"c:\\pythonworkspace\\pythonproject\\behaveproject\\venv\\Lib\\site-packages\\behave\\model.py\", line 1329, in run\n    match.run(runner.context)\n  File \"c:\\pythonworkspace\\pythonproject\\behaveproject\\venv\\Lib\\site-packages\\behave\\matchers.py\", line 98, in run\n    self.func(context, *args, **kwargs)\n  File \"features\\steps\\OrangeHRMStep.py\", line 30, in logoVerfication\n    status=context.driver.find_element(By.XPATH,\"//div[@class='orangehrm-login-branding']/img\").is_displayed()\n           ^^^^^^^^^^^^^^^^^^^^^^^^^^^^^^^^^^^^^^^^^^^^^^^^^^^^^^^^^^^^^^^^^^^^^^^^^^^^^^^^^^^^\n  File \"c:\\pythonworkspace\\pythonproject\\behaveproject\\venv\\Lib\\site-packages\\selenium\\webdriver\\remote\\webdriver.py\", line 748, in find_element\n    return self.execute(Command.FIND_ELEMENT, {\"using\": by, \"value\": value})[\"value\"]\n           ^^^^^^^^^^^^^^^^^^^^^^^^^^^^^^^^^^^^^^^^^^^^^^^^^^^^^^^^^^^^^^^^^\n  File \"c:\\pythonworkspace\\pythonproject\\behaveproject\\venv\\Lib\\site-packages\\selenium\\webdriver\\remote\\webdriver.py\", line 354, in execute\n    self.error_handler.check_response(response)\n  File \"c:\\pythonworkspace\\pythonproject\\behaveproject\\venv\\Lib\\site-packages\\selenium\\webdriver\\remote\\errorhandler.py\", line 229, in check_response\n    raise exception_class(message, screen, stacktrace)\n"}, "start": 1732094905601, "stop": 1732094925639}, {"name": "And close Browser", "status": "skipped", "start": 1732094925640, "stop": 1732094925640}], "start": 1732094895515, "stop": 1732094925640, "uuid": "059e8e84-4da8-4bfe-a02b-347ae3655e52", "historyId": "7faa234f91a8ab929de9f9c174ff049d", "fullName": "Orange HRM Logo: Logo Presence on Orange Home Page", "labels": [{"name": "severity", "value": "normal"}, {"name": "feature", "value": "Orange HRM Logo"}, {"name": "framework", "value": "behave"}, {"name": "language", "value": "cpython3"}]}